<?xml version="1.0" encoding="UTF-8"?>
<!-- Generated by org.testng.reporters.JUnitReportReporter -->
<testsuite skipped="0" hostname="DESKTOP-NDGTBT0" name="myPackage.myclass" tests="4" failures="0" timestamp="16 Nov 2018 05:52:25 GMT" time="397.061" errors="0">
  <testcase name="test" time="76.980" classname="myPackage.myclass"/>
  <testcase name="test" time="94.171" classname="myPackage.myclass"/>
  <testcase name="test" time="116.875" classname="myPackage.myclass"/>
  <testcase name="test" time="109.035" classname="myPackage.myclass"/>
</testsuite> <!-- myPackage.myclass -->
